[2021-02-05 10:23:17.403] [info] (SERVER) IPCHandler Init
[2021-02-05 10:23:17.408] [info] (SERVER) Server Init
[2021-02-05 10:23:17.479] [info] (SERVER) ChatGuessr at http://localhost:3000
[2021-02-05 10:23:18.042] [info] (SERVER) Main Window Ready To Show
[2021-02-05 10:23:19.381] [info] (RENDER) DOMContentLoaded
[2021-02-05 10:23:19.402] [info] (SERVER) File: cgstatus.css inject finished
[2021-02-05 10:23:19.403] [info] (SERVER) File: styles.css inject finished
[2021-02-05 10:23:19.671] [info] (SERVER) Not a game
[2021-02-05 10:23:19.753] [info] (SERVER) File: cgcore.js inject finished
[2021-02-05 10:23:19.755] [info] (SERVER) File: cgstatus.html inject finished
[2021-02-05 10:23:19.756] [info] (SERVER) INJECTIONS COMPLETED
[2021-02-05 10:23:50.900] [info] (SERVER) Not a game
[2021-02-05 10:23:50.958] [info] (RENDER) DOMContentLoaded
[2021-02-05 10:23:50.984] [info] (SERVER) File: cgstatus.css inject finished
[2021-02-05 10:23:50.985] [info] (SERVER) File: styles.css inject finished
[2021-02-05 10:23:51.031] [info] (SERVER) File: cgcore.js inject finished
[2021-02-05 10:23:51.031] [info] (SERVER) File: cgstatus.html inject finished
[2021-02-05 10:23:51.033] [info] (SERVER) INJECTIONS COMPLETED
[2021-02-05 10:24:14.201] [info] (SERVER) Not a game
[2021-02-05 10:24:22.329] [info] (SERVER) In game
[2021-02-05 10:24:22.681] [error] (SERVER) TypeError: Cannot read property 'NaN' of undefined
    at D:\VSCode\Github\chatguessr\src\Windows\MainWindow.js:70:32
    at processTicksAndRejections (internal/process/task_queues.js:97:5)
[2021-02-05 10:26:28.255] [info] (SERVER) IPCHandler Init
[2021-02-05 10:26:28.260] [info] (SERVER) Server Init
[2021-02-05 10:26:28.408] [info] (SERVER) ChatGuessr at http://localhost:3000
[2021-02-05 10:26:28.552] [info] (SERVER) Main Window Ready To Show
[2021-02-05 10:26:29.555] [info] (SERVER) Not a game
[2021-02-05 10:26:29.624] [info] (RENDER) DOMContentLoaded
[2021-02-05 10:26:29.640] [info] (SERVER) File: styles.css inject finished
[2021-02-05 10:26:29.642] [info] (SERVER) File: cgstatus.css inject finished
[2021-02-05 10:26:29.653] [info] (SERVER) File: cgcore.js inject finished
[2021-02-05 10:26:29.655] [info] (SERVER) File: cgstatus.html inject finished
[2021-02-05 10:26:29.656] [info] (SERVER) INJECTIONS COMPLETED
[2021-02-05 10:26:35.751] [info] (SERVER) Not a game
[2021-02-05 10:26:35.802] [info] (RENDER) DOMContentLoaded
[2021-02-05 10:26:35.836] [info] (SERVER) File: cgstatus.css inject finished
[2021-02-05 10:26:35.837] [info] (SERVER) File: styles.css inject finished
[2021-02-05 10:26:35.849] [info] (SERVER) File: cgcore.js inject finished
[2021-02-05 10:26:35.850] [info] (SERVER) File: cgstatus.html inject finished
[2021-02-05 10:26:35.850] [info] (SERVER) INJECTIONS COMPLETED
[2021-02-05 10:26:38.059] [info] (SERVER) Not a game
[2021-02-05 10:26:41.019] [info] (SERVER) In game
[2021-02-05 10:26:41.354] [error] (SERVER) ReferenceError: response is not defined
    at D:\VSCode\Github\chatguessr\src\Classes\Game.js:14:19
    at processTicksAndRejections (internal/process/task_queues.js:97:5)
[2021-02-05 10:27:07.829] [info] (SERVER) IPCHandler Init
[2021-02-05 10:27:07.835] [info] (SERVER) Server Init
[2021-02-05 10:27:07.930] [info] (SERVER) ChatGuessr at http://localhost:3000
[2021-02-05 10:27:08.122] [info] (SERVER) Main Window Ready To Show
[2021-02-05 10:27:09.066] [info] (SERVER) Not a game
[2021-02-05 10:27:09.140] [info] (RENDER) DOMContentLoaded
[2021-02-05 10:27:09.157] [info] (SERVER) File: cgstatus.css inject finished
[2021-02-05 10:27:09.158] [info] (SERVER) File: styles.css inject finished
[2021-02-05 10:27:09.233] [info] (SERVER) File: cgcore.js inject finished
[2021-02-05 10:27:09.236] [info] (SERVER) File: cgstatus.html inject finished
[2021-02-05 10:27:09.237] [info] (SERVER) INJECTIONS COMPLETED
[2021-02-05 10:27:15.362] [info] (SERVER) Not a game
[2021-02-05 10:27:15.416] [info] (RENDER) DOMContentLoaded
[2021-02-05 10:27:15.428] [info] (SERVER) File: styles.css inject finished
[2021-02-05 10:27:15.429] [info] (SERVER) File: cgstatus.css inject finished
[2021-02-05 10:27:15.463] [info] (SERVER) File: cgcore.js inject finished
[2021-02-05 10:27:15.464] [info] (SERVER) File: cgstatus.html inject finished
[2021-02-05 10:27:15.465] [info] (SERVER) INJECTIONS COMPLETED
[2021-02-05 10:27:17.892] [info] (SERVER) Not a game
[2021-02-05 10:27:24.423] [info] (SERVER) In game
[2021-02-05 10:27:24.743] [error] (SERVER) TypeError: Cannot read property 'NaN' of undefined
    at D:\VSCode\Github\chatguessr\src\Windows\MainWindow.js:70:32
    at processTicksAndRejections (internal/process/task_queues.js:97:5)
[2021-02-05 10:28:08.146] [info] (SERVER) IPCHandler Init
[2021-02-05 10:28:08.151] [info] (SERVER) Server Init
[2021-02-05 10:28:08.261] [info] (SERVER) ChatGuessr at http://localhost:3000
[2021-02-05 10:28:08.447] [info] (SERVER) Main Window Ready To Show
[2021-02-05 10:28:09.406] [info] (SERVER) Not a game
[2021-02-05 10:28:09.470] [info] (RENDER) DOMContentLoaded
[2021-02-05 10:28:09.478] [info] (SERVER) File: cgstatus.css inject finished
[2021-02-05 10:28:09.480] [info] (SERVER) File: styles.css inject finished
[2021-02-05 10:28:09.482] [info] (SERVER) File: cgcore.js inject finished
[2021-02-05 10:28:09.484] [info] (SERVER) File: cgstatus.html inject finished
[2021-02-05 10:28:09.486] [info] (SERVER) INJECTIONS COMPLETED
[2021-02-05 10:28:16.040] [info] (SERVER) Not a game
[2021-02-05 10:28:16.114] [info] (RENDER) DOMContentLoaded
[2021-02-05 10:28:16.130] [info] (SERVER) File: cgstatus.css inject finished
[2021-02-05 10:28:16.133] [info] (SERVER) File: styles.css inject finished
[2021-02-05 10:28:16.134] [info] (SERVER) File: cgcore.js inject finished
[2021-02-05 10:28:16.135] [info] (SERVER) File: cgstatus.html inject finished
[2021-02-05 10:28:16.136] [info] (SERVER) INJECTIONS COMPLETED
[2021-02-05 10:28:19.517] [info] (SERVER) Not a game
[2021-02-05 10:28:27.079] [info] (SERVER) In game
[2021-02-05 10:28:27.424] [info] (SERVER) { lat: 51.33608868025169, lng: 12.378271687011875 }
[2021-02-05 10:32:23.707] [info] (SERVER) IPCHandler Init
[2021-02-05 10:32:23.714] [info] (SERVER) Server Init
[2021-02-05 10:32:23.847] [info] (SERVER) ChatGuessr at http://localhost:3000
[2021-02-05 10:32:24.013] [info] (SERVER) Main Window Ready To Show
[2021-02-05 10:32:24.931] [info] (SERVER) Not a game
[2021-02-05 10:32:24.994] [info] (RENDER) DOMContentLoaded
[2021-02-05 10:32:25.004] [info] (SERVER) File: cgstatus.css inject finished
[2021-02-05 10:32:25.005] [info] (SERVER) File: styles.css inject finished
[2021-02-05 10:32:25.007] [info] (SERVER) File: cgcore.js inject finished
[2021-02-05 10:32:25.009] [info] (SERVER) File: cgstatus.html inject finished
[2021-02-05 10:32:25.010] [info] (SERVER) INJECTIONS COMPLETED
[2021-02-05 10:32:32.434] [info] (SERVER) Not a game
[2021-02-05 10:32:32.496] [info] (RENDER) DOMContentLoaded
[2021-02-05 10:32:32.527] [info] (SERVER) File: cgstatus.css inject finished
[2021-02-05 10:32:32.528] [info] (SERVER) File: styles.css inject finished
[2021-02-05 10:32:32.533] [info] (SERVER) File: cgcore.js inject finished
[2021-02-05 10:32:32.534] [info] (SERVER) File: cgstatus.html inject finished
[2021-02-05 10:32:32.535] [info] (SERVER) INJECTIONS COMPLETED
[2021-02-05 10:32:40.104] [info] (SERVER) Not a game
[2021-02-05 10:32:47.842] [info] (SERVER) In game
[2021-02-05 10:32:48.602] [info] (SERVER) { lat: 57.73168058166959, lng: 27.283840079904166 }
[2021-02-05 10:33:27.682] [info] (SERVER) IPCHandler Init
[2021-02-05 10:33:27.686] [info] (SERVER) Server Init
[2021-02-05 10:33:27.804] [info] (SERVER) ChatGuessr at http://localhost:3000
[2021-02-05 10:33:28.037] [info] (SERVER) Main Window Ready To Show
[2021-02-05 10:33:28.834] [info] (SERVER) Not a game
[2021-02-05 10:33:28.900] [info] (RENDER) DOMContentLoaded
[2021-02-05 10:33:28.916] [info] (SERVER) File: styles.css inject finished
[2021-02-05 10:33:28.919] [info] (SERVER) File: cgstatus.css inject finished
[2021-02-05 10:33:28.951] [info] (SERVER) File: cgcore.js inject finished
[2021-02-05 10:33:28.952] [info] (SERVER) File: cgstatus.html inject finished
[2021-02-05 10:33:28.953] [info] (SERVER) INJECTIONS COMPLETED
[2021-02-05 10:33:35.232] [info] (SERVER) Not a game
[2021-02-05 10:33:35.281] [info] (RENDER) DOMContentLoaded
[2021-02-05 10:33:35.319] [info] (SERVER) File: cgstatus.css inject finished
[2021-02-05 10:33:35.320] [info] (SERVER) File: styles.css inject finished
[2021-02-05 10:33:35.330] [info] (SERVER) File: cgstatus.html inject finished
[2021-02-05 10:33:35.331] [info] (SERVER) File: cgcore.js inject finished
[2021-02-05 10:33:35.332] [info] (SERVER) INJECTIONS COMPLETED
[2021-02-05 10:33:37.488] [info] (SERVER) Not a game
[2021-02-05 10:33:40.142] [info] (SERVER) In game
[2021-02-05 10:33:43.274] [error] (SERVER) TypeError: Cannot read property 'NaN' of undefined
    at D:\VSCode\Github\chatguessr\src\Windows\MainWindow.js:70:33
    at processTicksAndRejections (internal/process/task_queues.js:97:5)
